[debug] [2023-04-28T06:15:41.955Z] ----------------------------------------------------------------------
[debug] [2023-04-28T06:15:41.956Z] Command:       C:\Program Files\nodejs\node.exe C:\Users\scape\AppData\Roaming\npm\node_modules\firebase-tools\lib\bin\firebase.js init functions
[debug] [2023-04-28T06:15:41.957Z] CLI Version:   11.23.1
[debug] [2023-04-28T06:15:41.957Z] Platform:      win32
[debug] [2023-04-28T06:15:41.957Z] Node Version:  v18.13.0
[debug] [2023-04-28T06:15:41.957Z] Time:          Fri Apr 28 2023 00:15:41 GMT-0600 (Central Standard Time)
[debug] [2023-04-28T06:15:41.958Z] ----------------------------------------------------------------------
[debug] 
[debug] [2023-04-28T06:15:41.998Z] > command requires scopes: ["email","openid","https://www.googleapis.com/auth/cloudplatformprojects.readonly","https://www.googleapis.com/auth/firebase","https://www.googleapis.com/auth/cloud-platform"]
[debug] [2023-04-28T06:15:41.998Z] > authorizing via signed-in user (staphenpelagio@gmail.com)
[info] 
     ######## #### ########  ######## ########     ###     ######  ########
     ##        ##  ##     ## ##       ##     ##  ##   ##  ##       ##
     ######    ##  ########  ######   ########  #########  ######  ######
     ##        ##  ##    ##  ##       ##     ## ##     ##       ## ##
     ##       #### ##     ## ######## ########  ##     ##  ######  ########

You're about to initialize a Firebase project in this directory:

  E:\Website\NextJS Tailwind and Firebase\Admin and Ecommerce\admin

Before we get started, keep in mind:

  * You are initializing within an existing Firebase project directory

[info] 
=== Project Setup
[info] 
[info] First, let's associate this project directory with a Firebase project.
[info] You can create multiple project aliases by running firebase use --add, 
[info] but for now we'll just set up a default project.
[info] 
[debug] [2023-04-28T06:16:09.870Z] Using project from CLI flag: admin-and-ecommerce
[debug] [2023-04-28T06:16:09.871Z] >>> [apiv2][query] GET https://firebase.googleapis.com/v1beta1/projects/admin-and-ecommerce [none]
[debug] [2023-04-28T06:16:10.834Z] <<< [apiv2][status] GET https://firebase.googleapis.com/v1beta1/projects/admin-and-ecommerce 200
[debug] [2023-04-28T06:16:10.834Z] <<< [apiv2][body] GET https://firebase.googleapis.com/v1beta1/projects/admin-and-ecommerce {"projectId":"admin-and-ecommerce","projectNumber":"237907550277","displayName":"admin-and-ecommerce","name":"projects/admin-and-ecommerce","resources":{"hostingSite":"admin-and-ecommerce","storageBucket":"admin-and-ecommerce.appspot.com","locationId":"us-central"},"state":"ACTIVE","etag":"1_a84bfed3-df34-4eed-b56f-4ff10f12cc0c"}
[info] i  Using project admin-and-ecommerce (admin-and-ecommerce) 
[info] 
=== Functions Setup
[debug] [2023-04-28T06:16:10.842Z] > command requires scopes: ["email","openid","https://www.googleapis.com/auth/cloudplatformprojects.readonly","https://www.googleapis.com/auth/firebase","https://www.googleapis.com/auth/cloud-platform"]
[debug] [2023-04-28T06:16:10.842Z] > authorizing via signed-in user (staphenpelagio@gmail.com)
[debug] [2023-04-28T06:16:10.842Z] [iam] checking project admin-and-ecommerce for permissions ["firebase.projects.get"]
[debug] [2023-04-28T06:16:10.842Z] >>> [apiv2][query] POST https://cloudresourcemanager.googleapis.com/v1/projects/admin-and-ecommerce:testIamPermissions [none]
[debug] [2023-04-28T06:16:10.842Z] >>> [apiv2][(partial)header] POST https://cloudresourcemanager.googleapis.com/v1/projects/admin-and-ecommerce:testIamPermissions x-goog-quota-user=projects/admin-and-ecommerce
[debug] [2023-04-28T06:16:10.842Z] >>> [apiv2][body] POST https://cloudresourcemanager.googleapis.com/v1/projects/admin-and-ecommerce:testIamPermissions {"permissions":["firebase.projects.get"]}
[debug] [2023-04-28T06:16:11.247Z] <<< [apiv2][status] POST https://cloudresourcemanager.googleapis.com/v1/projects/admin-and-ecommerce:testIamPermissions 200
[debug] [2023-04-28T06:16:11.247Z] <<< [apiv2][body] POST https://cloudresourcemanager.googleapis.com/v1/projects/admin-and-ecommerce:testIamPermissions {"permissions":["firebase.projects.get"]}
[debug] [2023-04-28T06:16:11.247Z] >>> [apiv2][query] GET https://serviceusage.googleapis.com/v1/projects/admin-and-ecommerce/services/cloudfunctions.googleapis.com [none]
[debug] [2023-04-28T06:16:11.247Z] >>> [apiv2][(partial)header] GET https://serviceusage.googleapis.com/v1/projects/admin-and-ecommerce/services/cloudfunctions.googleapis.com x-goog-quota-user=projects/admin-and-ecommerce
[debug] [2023-04-28T06:16:11.248Z] >>> [apiv2][query] GET https://serviceusage.googleapis.com/v1/projects/admin-and-ecommerce/services/runtimeconfig.googleapis.com [none]
[debug] [2023-04-28T06:16:11.248Z] >>> [apiv2][(partial)header] GET https://serviceusage.googleapis.com/v1/projects/admin-and-ecommerce/services/runtimeconfig.googleapis.com x-goog-quota-user=projects/admin-and-ecommerce
[debug] [2023-04-28T06:16:11.815Z] <<< [apiv2][status] GET https://serviceusage.googleapis.com/v1/projects/admin-and-ecommerce/services/runtimeconfig.googleapis.com 200
[debug] [2023-04-28T06:16:11.815Z] <<< [apiv2][body] GET https://serviceusage.googleapis.com/v1/projects/admin-and-ecommerce/services/runtimeconfig.googleapis.com [omitted]
[debug] [2023-04-28T06:16:12.345Z] <<< [apiv2][status] GET https://serviceusage.googleapis.com/v1/projects/admin-and-ecommerce/services/cloudfunctions.googleapis.com 200
[debug] [2023-04-28T06:16:12.345Z] <<< [apiv2][body] GET https://serviceusage.googleapis.com/v1/projects/admin-and-ecommerce/services/cloudfunctions.googleapis.com [omitted]
[info] 
Detected existing codebase(s): default

